<?xml version="1.0" encoding="UTF-8"?>
<testsuite xmlns:xsi="http://www.w3.org/2001/XMLSchema-instance" xsi:noNamespaceSchemaLocation="https://maven.apache.org/surefire/maven-surefire-plugin/xsd/surefire-test-report-3.0.xsd" version="3.0" name="com.softserve.academy.service.AppTest" time="0.222" tests="12" errors="0" skipped="0" failures="0">
  <properties>
[...]
</properties>
  <testcase name="checkAdd(double, double, double)[1]" classname="com.softserve.academy.service.AppTest" time="0.058">
    <system-out><![CDATA[checkAdd(double)
]]></system-out>
  </testcase>
  <testcase name="checkAdd(double, double, double)[2]" classname="com.softserve.academy.service.AppTest" time="0.001">
    <system-out><![CDATA[checkAdd(double)
]]></system-out>
  </testcase>
  <testcase name="checkAdd(double, double, double)[3]" classname="com.softserve.academy.service.AppTest" time="0.002">
    <system-out><![CDATA[checkAdd(double)
]]></system-out>
  </testcase>
  <testcase name="checkAdd(int, int, int)[1]" classname="com.softserve.academy.service.AppTest" time="0.003">
    <system-out><![CDATA[checkAdd(int)
]]></system-out>
  </testcase>
  <testcase name="checkAdd(int, int, int)[2]" classname="com.softserve.academy.service.AppTest" time="0.002">
    <system-out><![CDATA[checkAdd(int)
]]></system-out>
  </testcase>
  <testcase name="checkAdd(int, int, int)[3]" classname="com.softserve.academy.service.AppTest" time="0.002">
    <system-out><![CDATA[checkAdd(int)
]]></system-out>
  </testcase>
  <testcase name="checkSub(double, double, double)[1]" classname="com.softserve.academy.service.AppTest" time="0.003">
    <system-out><![CDATA[checkSub(double)
]]></system-out>
  </testcase>
  <testcase name="checkSub(double, double, double)[2]" classname="com.softserve.academy.service.AppTest" time="0.002">
    <system-out><![CDATA[checkSub(double)
]]></system-out>
  </testcase>
  <testcase name="checkSub(double, double, double)[3]" classname="com.softserve.academy.service.AppTest" time="0.002">
    <system-out><![CDATA[checkSub(double)
]]></system-out>
  </testcase>
  <testcase name="checkSub(int, int, int)[1]" classname="com.softserve.academy.service.AppTest" time="0.002">
    <system-out><![CDATA[checkSub(int)
]]></system-out>
  </testcase>
  <testcase name="checkSub(int, int, int)[2]" classname="com.softserve.academy.service.AppTest" time="0.001">
    <system-out><![CDATA[checkSub(int)
]]></system-out>
  </testcase>
  <testcase name="checkSub(int, int, int)[3]" classname="com.softserve.academy.service.AppTest" time="0.002">
    <system-out><![CDATA[checkSub(int)
]]></system-out>
  </testcase>
</testsuite>